{"C:\\Users\\vasquezra\\Desktop\\test\\controllers\\Datos.js": {"path":"C:\\Users\\vasquezra\\Desktop\\test\\controllers\\Datos.js","statementMap":{"0":{"start":{"line":2,"column":14},"end":{"line":2,"column":30}},"1":{"start":{"line":4,"column":14},"end":{"line":4,"column":40}},"2":{"start":{"line":5,"column":20},"end":{"line":5,"column":42}},"3":{"start":{"line":34,"column":51},"end":{"line":34,"column":61}},"4":{"start":{"line":35,"column":18},"end":{"line":35,"column":40}},"5":{"start":{"line":36,"column":19},"end":{"line":36,"column":41}},"6":{"start":{"line":38,"column":4},"end":{"line":48,"column":6}},"7":{"start":{"line":40,"column":24},"end":{"line":40,"column":171}},"8":{"start":{"line":41,"column":10},"end":{"line":41,"column":28}},"9":{"start":{"line":45,"column":9},"end":{"line":45,"column":28}},"10":{"start":{"line":46,"column":9},"end":{"line":46,"column":16}},"11":{"start":{"line":58,"column":30},"end":{"line":58,"column":31}},"12":{"start":{"line":59,"column":8},"end":{"line":59,"column":36}},"13":{"start":{"line":61,"column":9},"end":{"line":65,"column":9}},"14":{"start":{"line":63,"column":12},"end":{"line":63,"column":89}},"15":{"start":{"line":64,"column":12},"end":{"line":64,"column":19}},"16":{"start":{"line":68,"column":22},"end":{"line":70,"column":13}},"17":{"start":{"line":69,"column":16},"end":{"line":69,"column":65}},"18":{"start":{"line":72,"column":20},"end":{"line":74,"column":13}},"19":{"start":{"line":73,"column":12},"end":{"line":73,"column":61}},"20":{"start":{"line":76,"column":23},"end":{"line":76,"column":44}},"21":{"start":{"line":78,"column":8},"end":{"line":78,"column":87}},"22":{"start":{"line":78,"column":34},"end":{"line":78,"column":83}},"23":{"start":{"line":78,"column":63},"end":{"line":78,"column":81}},"24":{"start":{"line":81,"column":21},"end":{"line":81,"column":140}},"25":{"start":{"line":84,"column":30},"end":{"line":84,"column":86}},"26":{"start":{"line":85,"column":8},"end":{"line":85,"column":34}},"27":{"start":{"line":86,"column":29},"end":{"line":86,"column":81}},"28":{"start":{"line":87,"column":26},"end":{"line":87,"column":121}},"29":{"start":{"line":89,"column":20},"end":{"line":89,"column":22}},"30":{"start":{"line":90,"column":8},"end":{"line":90,"column":134}},"31":{"start":{"line":91,"column":8},"end":{"line":91,"column":126}},"32":{"start":{"line":92,"column":8},"end":{"line":92,"column":34}},"33":{"start":{"line":93,"column":8},"end":{"line":93,"column":34}},"34":{"start":{"line":94,"column":8},"end":{"line":94,"column":48}},"35":{"start":{"line":95,"column":8},"end":{"line":95,"column":102}},"36":{"start":{"line":99,"column":21},"end":{"line":99,"column":46}},"37":{"start":{"line":101,"column":8},"end":{"line":108,"column":9}},"38":{"start":{"line":102,"column":12},"end":{"line":102,"column":55}},"39":{"start":{"line":105,"column":15},"end":{"line":105,"column":31}},"40":{"start":{"line":106,"column":16},"end":{"line":106,"column":23}},"41":{"start":{"line":112,"column":0},"end":{"line":112,"column":42}},"42":{"start":{"line":180,"column":4},"end":{"line":190,"column":9}},"43":{"start":{"line":183,"column":13},"end":{"line":188,"column":18}},"44":{"start":{"line":185,"column":21},"end":{"line":185,"column":44}},"45":{"start":{"line":187,"column":20},"end":{"line":187,"column":36}},"46":{"start":{"line":198,"column":16},"end":{"line":198,"column":51}},"47":{"start":{"line":198,"column":29},"end":{"line":198,"column":50}},"48":{"start":{"line":199,"column":12},"end":{"line":199,"column":20}},"49":{"start":{"line":200,"column":15},"end":{"line":200,"column":33}},"50":{"start":{"line":201,"column":16},"end":{"line":201,"column":34}},"51":{"start":{"line":202,"column":12},"end":{"line":202,"column":131}},"52":{"start":{"line":203,"column":12},"end":{"line":203,"column":56}},"53":{"start":{"line":204,"column":12},"end":{"line":204,"column":17}},"54":{"start":{"line":206,"column":4},"end":{"line":206,"column":36}}},"fnMap":{"0":{"name":"ObtenerDatos","decl":{"start":{"line":32,"column":15},"end":{"line":32,"column":27}},"loc":{"start":{"line":32,"column":42},"end":{"line":52,"column":1}},"line":32},"1":{"name":"InsertData","decl":{"start":{"line":55,"column":15},"end":{"line":55,"column":25}},"loc":{"start":{"line":55,"column":40},"end":{"line":110,"column":1}},"line":55},"2":{"name":"(anonymous_2)","decl":{"start":{"line":68,"column":55},"end":{"line":68,"column":56}},"loc":{"start":{"line":68,"column":71},"end":{"line":70,"column":9}},"line":68},"3":{"name":"(anonymous_3)","decl":{"start":{"line":72,"column":53},"end":{"line":72,"column":54}},"loc":{"start":{"line":72,"column":69},"end":{"line":74,"column":9}},"line":72},"4":{"name":"(anonymous_4)","decl":{"start":{"line":78,"column":25},"end":{"line":78,"column":26}},"loc":{"start":{"line":78,"column":32},"end":{"line":78,"column":85}},"line":78},"5":{"name":"getAddress","decl":{"start":{"line":178,"column":15},"end":{"line":178,"column":25}},"loc":{"start":{"line":178,"column":34},"end":{"line":193,"column":1}},"line":178},"6":{"name":"(anonymous_6)","decl":{"start":{"line":182,"column":14},"end":{"line":182,"column":15}},"loc":{"start":{"line":182,"column":42},"end":{"line":189,"column":10}},"line":182},"7":{"name":"(anonymous_7)","decl":{"start":{"line":184,"column":24},"end":{"line":184,"column":25}},"loc":{"start":{"line":184,"column":44},"end":{"line":186,"column":18}},"line":184},"8":{"name":"(anonymous_8)","decl":{"start":{"line":186,"column":26},"end":{"line":186,"column":27}},"loc":{"start":{"line":186,"column":43},"end":{"line":188,"column":17}},"line":186},"9":{"name":"getKilometros","decl":{"start":{"line":196,"column":15},"end":{"line":196,"column":28}},"loc":{"start":{"line":196,"column":49},"end":{"line":208,"column":1}},"line":196},"10":{"name":"(anonymous_10)","decl":{"start":{"line":198,"column":16},"end":{"line":198,"column":17}},"loc":{"start":{"line":198,"column":28},"end":{"line":198,"column":51}},"line":198}},"branchMap":{"0":{"loc":{"start":{"line":35,"column":18},"end":{"line":35,"column":40}},"type":"binary-expr","locations":[{"start":{"line":35,"column":18},"end":{"line":35,"column":34}},{"start":{"line":35,"column":38},"end":{"line":35,"column":40}}],"line":35},"1":{"loc":{"start":{"line":36,"column":19},"end":{"line":36,"column":41}},"type":"binary-expr","locations":[{"start":{"line":36,"column":19},"end":{"line":36,"column":36}},{"start":{"line":36,"column":40},"end":{"line":36,"column":41}}],"line":36},"2":{"loc":{"start":{"line":61,"column":9},"end":{"line":65,"column":9}},"type":"if","locations":[{"start":{"line":61,"column":9},"end":{"line":65,"column":9}},{"start":{},"end":{}}],"line":61},"3":{"loc":{"start":{"line":69,"column":23},"end":{"line":69,"column":64}},"type":"cond-expr","locations":[{"start":{"line":69,"column":53},"end":{"line":69,"column":57}},{"start":{"line":69,"column":60},"end":{"line":69,"column":64}}],"line":69},"4":{"loc":{"start":{"line":73,"column":19},"end":{"line":73,"column":60}},"type":"cond-expr","locations":[{"start":{"line":73,"column":49},"end":{"line":73,"column":53}},{"start":{"line":73,"column":56},"end":{"line":73,"column":60}}],"line":73},"5":{"loc":{"start":{"line":78,"column":34},"end":{"line":78,"column":83}},"type":"if","locations":[{"start":{"line":78,"column":34},"end":{"line":78,"column":83}},{"start":{},"end":{}}],"line":78},"6":{"loc":{"start":{"line":90,"column":100},"end":{"line":90,"column":132}},"type":"binary-expr","locations":[{"start":{"line":90,"column":100},"end":{"line":90,"column":126}},{"start":{"line":90,"column":130},"end":{"line":90,"column":132}}],"line":90},"7":{"loc":{"start":{"line":91,"column":93},"end":{"line":91,"column":123}},"type":"binary-expr","locations":[{"start":{"line":91,"column":93},"end":{"line":91,"column":117}},{"start":{"line":91,"column":121},"end":{"line":91,"column":123}}],"line":91}},"s":{"0":1,"1":1,"2":1,"3":0,"4":0,"5":0,"6":0,"7":0,"8":0,"9":0,"10":0,"11":0,"12":0,"13":0,"14":0,"15":0,"16":0,"17":0,"18":0,"19":0,"20":0,"21":0,"22":0,"23":0,"24":0,"25":0,"26":0,"27":0,"28":0,"29":0,"30":0,"31":0,"32":0,"33":0,"34":0,"35":0,"36":0,"37":0,"38":0,"39":0,"40":0,"41":1,"42":0,"43":0,"44":0,"45":0,"46":0,"47":0,"48":0,"49":0,"50":0,"51":0,"52":0,"53":0,"54":0},"f":{"0":0,"1":0,"2":0,"3":0,"4":0,"5":0,"6":0,"7":0,"8":0,"9":0,"10":0},"b":{"0":[0,0],"1":[0,0],"2":[0,0],"3":[0,0],"4":[0,0],"5":[0,0],"6":[0,0],"7":[0,0]},"_coverageSchema":"1a1c01bbd47fc00a2c39e90264f33305004495a9","hash":"ce453ec49f09adaac920c4e825b3c0e537d2b98a"}
,"C:\\Users\\vasquezra\\Desktop\\test\\models\\Trips.js": {"path":"C:\\Users\\vasquezra\\Desktop\\test\\models\\Trips.js","statementMap":{"0":{"start":{"line":1,"column":17},"end":{"line":1,"column":36}},"1":{"start":{"line":2,"column":15},"end":{"line":2,"column":30}},"2":{"start":{"line":4,"column":14},"end":{"line":68,"column":2}},"3":{"start":{"line":70,"column":0},"end":{"line":70,"column":47}}},"fnMap":{},"branchMap":{},"s":{"0":1,"1":1,"2":1,"3":1},"f":{},"b":{},"_coverageSchema":"1a1c01bbd47fc00a2c39e90264f33305004495a9","hash":"fc0fb4531087dfc8cc863c3de69db160cc751e61"}
}
