TN:
SF:controllers\Datos.js
FN:32,ObtenerDatos
FN:55,InsertData
FN:68,(anonymous_2)
FN:72,(anonymous_3)
FN:78,(anonymous_4)
FN:178,getAddress
FN:182,(anonymous_6)
FN:184,(anonymous_7)
FN:186,(anonymous_8)
FN:196,getKilometros
FN:198,(anonymous_10)
FNF:11
FNH:0
FNDA:0,ObtenerDatos
FNDA:0,InsertData
FNDA:0,(anonymous_2)
FNDA:0,(anonymous_3)
FNDA:0,(anonymous_4)
FNDA:0,getAddress
FNDA:0,(anonymous_6)
FNDA:0,(anonymous_7)
FNDA:0,(anonymous_8)
FNDA:0,getKilometros
FNDA:0,(anonymous_10)
DA:2,1
DA:4,1
DA:5,1
DA:34,0
DA:35,0
DA:36,0
DA:38,0
DA:40,0
DA:41,0
DA:45,0
DA:46,0
DA:58,0
DA:59,0
DA:61,0
DA:63,0
DA:64,0
DA:68,0
DA:69,0
DA:72,0
DA:73,0
DA:76,0
DA:78,0
DA:81,0
DA:84,0
DA:85,0
DA:86,0
DA:87,0
DA:89,0
DA:90,0
DA:91,0
DA:92,0
DA:93,0
DA:94,0
DA:95,0
DA:99,0
DA:101,0
DA:102,0
DA:105,0
DA:106,0
DA:112,1
DA:180,0
DA:183,0
DA:185,0
DA:187,0
DA:198,0
DA:199,0
DA:200,0
DA:201,0
DA:202,0
DA:203,0
DA:204,0
DA:206,0
LF:52
LH:4
BRDA:35,0,0,0
BRDA:35,0,1,0
BRDA:36,1,0,0
BRDA:36,1,1,0
BRDA:61,2,0,0
BRDA:61,2,1,0
BRDA:69,3,0,0
BRDA:69,3,1,0
BRDA:73,4,0,0
BRDA:73,4,1,0
BRDA:78,5,0,0
BRDA:78,5,1,0
BRDA:90,6,0,0
BRDA:90,6,1,0
BRDA:91,7,0,0
BRDA:91,7,1,0
BRF:16
BRH:0
end_of_record
TN:
SF:models\Trips.js
FNF:0
FNH:0
DA:1,1
DA:2,1
DA:4,1
DA:70,1
LF:4
LH:4
BRF:0
BRH:0
end_of_record
